0 info it worked if it ends with ok
1 verbose cli [ 'C:\\Program Files\\nodejs\\\\node.exe',
1 verbose cli   'C:\\Program Files\\nodejs\\node_modules\\npm\\bin\\npm-cli.js',
1 verbose cli   'install',
1 verbose cli   '-d' ]
2 info using npm@1.3.24
3 info using node@v0.10.25
4 verbose node symlink C:\Program Files\nodejs\\node.exe
5 warn package.json ctrip_mobile_spider@0.0.1 No repository field.
6 verbose readDependencies using package.json deps
7 verbose install where, deps [ 'D:\\works\\ctrip_spider',
7 verbose install   [ 'jQuery',
7 verbose install     'jsdom',
7 verbose install     'xmlhttprequest',
7 verbose install     'request',
7 verbose install     'htmlparser',
7 verbose install     'stringbuilder',
7 verbose install     'sprintf-js',
7 verbose install     'node-canvas' ] ]
8 info preinstall ctrip_mobile_spider@0.0.1
9 warn package.json jsdom@0.2.0 'repositories' (plural) Not supported.
9 warn package.json Please pick one as the 'repository' field
10 verbose readDependencies using package.json deps
11 verbose already installed skipping jQuery@* D:\works\ctrip_spider
12 verbose already installed skipping jsdom@https://github.com/tmpvar/jsdom/tarball/4cf155a1624b3fb54b2eec536a0c060ec1bab4ab D:\works\ctrip_spider
13 verbose already installed skipping xmlhttprequest@* D:\works\ctrip_spider
14 verbose already installed skipping request@* D:\works\ctrip_spider
15 verbose already installed skipping htmlparser@* D:\works\ctrip_spider
16 verbose already installed skipping stringbuilder@* D:\works\ctrip_spider
17 verbose already installed skipping sprintf-js@* D:\works\ctrip_spider
18 verbose cache add [ 'node-canvas@https://github.com/LearnBoost/node-canvas.git',
18 verbose cache add   null ]
19 verbose cache add name=undefined spec="node-canvas@https://github.com/LearnBoost/node-canvas.git" args=["node-canvas@https://github.com/LearnBoost/node-canvas.git",null]
20 verbose parsed url { protocol: null,
20 verbose parsed url   slashes: null,
20 verbose parsed url   auth: null,
20 verbose parsed url   host: null,
20 verbose parsed url   port: null,
20 verbose parsed url   hostname: null,
20 verbose parsed url   hash: null,
20 verbose parsed url   search: null,
20 verbose parsed url   query: null,
20 verbose parsed url   pathname: 'node-canvas@https://github.com/LearnBoost/node-canvas.git',
20 verbose parsed url   path: 'node-canvas@https://github.com/LearnBoost/node-canvas.git',
20 verbose parsed url   href: 'node-canvas@https://github.com/LearnBoost/node-canvas.git' }
21 verbose cache add name="node-canvas" spec="https://github.com/LearnBoost/node-canvas.git" args=["node-canvas","https://github.com/LearnBoost/node-canvas.git"]
22 verbose parsed url { protocol: 'https:',
22 verbose parsed url   slashes: true,
22 verbose parsed url   auth: null,
22 verbose parsed url   host: 'github.com',
22 verbose parsed url   port: null,
22 verbose parsed url   hostname: 'github.com',
22 verbose parsed url   hash: null,
22 verbose parsed url   search: null,
22 verbose parsed url   query: null,
22 verbose parsed url   pathname: '/LearnBoost/node-canvas.git',
22 verbose parsed url   path: '/LearnBoost/node-canvas.git',
22 verbose parsed url   href: 'https://github.com/LearnBoost/node-canvas.git' }
23 silly lockFile e24d75db-b-com-LearnBoost-node-canvas-git https://github.com/LearnBoost/node-canvas.git
24 verbose lock https://github.com/LearnBoost/node-canvas.git C:\Users\mike\AppData\Roaming\npm-cache\e24d75db-b-com-LearnBoost-node-canvas-git.lock
25 verbose addRemoteTarball [ 'https://github.com/LearnBoost/node-canvas.git', null ]
26 info retry fetch attempt 1 at 20:25:46
27 verbose fetch to= C:\Users\mike\AppData\Local\Temp\npm-23376-Ye9v7T75\1393071946264-0.7603723059874028\tmp.tgz
28 http GET https://github.com/LearnBoost/node-canvas.git
29 http 200 https://github.com/LearnBoost/node-canvas.git
30 verbose tar unpack C:\Users\mike\AppData\Local\Temp\npm-23376-Ye9v7T75\1393071946264-0.7603723059874028\tmp.tgz
31 silly lockFile b0a1b412-46264-0-7603723059874028-package tar://C:\Users\mike\AppData\Local\Temp\npm-23376-Ye9v7T75\1393071946264-0.7603723059874028\package
32 verbose lock tar://C:\Users\mike\AppData\Local\Temp\npm-23376-Ye9v7T75\1393071946264-0.7603723059874028\package C:\Users\mike\AppData\Roaming\npm-cache\b0a1b412-46264-0-7603723059874028-package.lock
33 silly lockFile fc3db9cb-46264-0-7603723059874028-tmp-tgz tar://C:\Users\mike\AppData\Local\Temp\npm-23376-Ye9v7T75\1393071946264-0.7603723059874028\tmp.tgz
34 verbose lock tar://C:\Users\mike\AppData\Local\Temp\npm-23376-Ye9v7T75\1393071946264-0.7603723059874028\tmp.tgz C:\Users\mike\AppData\Roaming\npm-cache\fc3db9cb-46264-0-7603723059874028-tmp-tgz.lock
35 silly gunzTarPerm modes [ '755', '644' ]
36 error not a package C:\Users\mike\AppData\Local\Temp\npm-23376-Ye9v7T75\1393071946264-0.7603723059874028\tmp.tgz
37 silly lockFile b0a1b412-46264-0-7603723059874028-package tar://C:\Users\mike\AppData\Local\Temp\npm-23376-Ye9v7T75\1393071946264-0.7603723059874028\package
38 silly lockFile b0a1b412-46264-0-7603723059874028-package tar://C:\Users\mike\AppData\Local\Temp\npm-23376-Ye9v7T75\1393071946264-0.7603723059874028\package
39 silly lockFile fc3db9cb-46264-0-7603723059874028-tmp-tgz tar://C:\Users\mike\AppData\Local\Temp\npm-23376-Ye9v7T75\1393071946264-0.7603723059874028\tmp.tgz
40 silly lockFile fc3db9cb-46264-0-7603723059874028-tmp-tgz tar://C:\Users\mike\AppData\Local\Temp\npm-23376-Ye9v7T75\1393071946264-0.7603723059874028\tmp.tgz
41 silly lockFile e24d75db-b-com-LearnBoost-node-canvas-git https://github.com/LearnBoost/node-canvas.git
42 silly lockFile e24d75db-b-com-LearnBoost-node-canvas-git https://github.com/LearnBoost/node-canvas.git
43 error Error: ENOENT, open 'C:\Users\mike\AppData\Local\Temp\npm-23376-Ye9v7T75\1393071946264-0.7603723059874028\package\package.json'
44 error If you need help, you may report this *entire* log,
44 error including the npm and node versions, at:
44 error     <http://github.com/isaacs/npm/issues>
45 error System Windows_NT 6.2.9200
46 error command "C:\\Program Files\\nodejs\\\\node.exe" "C:\\Program Files\\nodejs\\node_modules\\npm\\bin\\npm-cli.js" "install" "-d"
47 error cwd D:\works\ctrip_spider
48 error node -v v0.10.25
49 error npm -v 1.3.24
50 error path C:\Users\mike\AppData\Local\Temp\npm-23376-Ye9v7T75\1393071946264-0.7603723059874028\package\package.json
51 error code ENOENT
52 error errno 34
53 verbose exit [ 34, true ]
